                                      1 ;--------------------------------------------------------
                                      2 ; File Created by SDCC : free open source ANSI-C Compiler
                                      3 ; Version 4.1.0 #12072 (MINGW64)
                                      4 ;--------------------------------------------------------
                                      5 	.module stm8s_conf
                                      6 	.optsdcc -mstm8
                                      7 	
                                      8 ;--------------------------------------------------------
                                      9 ; Public variables in this module
                                     10 ;--------------------------------------------------------
                                     11 	.globl _assert_failed
                                     12 ;--------------------------------------------------------
                                     13 ; ram data
                                     14 ;--------------------------------------------------------
                                     15 	.area DATA
                                     16 ;--------------------------------------------------------
                                     17 ; ram data
                                     18 ;--------------------------------------------------------
                                     19 	.area INITIALIZED
                                     20 ;--------------------------------------------------------
                                     21 ; absolute external ram data
                                     22 ;--------------------------------------------------------
                                     23 	.area DABS (ABS)
                                     24 
                                     25 ; default segment ordering for linker
                                     26 	.area HOME
                                     27 	.area GSINIT
                                     28 	.area GSFINAL
                                     29 	.area CONST
                                     30 	.area INITIALIZER
                                     31 	.area CODE
                                     32 
                                     33 ;--------------------------------------------------------
                                     34 ; global & static initialisations
                                     35 ;--------------------------------------------------------
                                     36 	.area HOME
                                     37 	.area GSINIT
                                     38 	.area GSFINAL
                                     39 	.area GSINIT
                                     40 ;--------------------------------------------------------
                                     41 ; Home
                                     42 ;--------------------------------------------------------
                                     43 	.area HOME
                                     44 	.area HOME
                                     45 ;--------------------------------------------------------
                                     46 ; code
                                     47 ;--------------------------------------------------------
                                     48 	.area CODE
                           000000    49 	Sstm8s_conf$assert_failed$0 ==.
                                     50 ;	drivers/src/stm8s_conf.c: 12: void assert_failed(uint8_t* file, uint32_t line)
                                     51 ;	-----------------------------------------
                                     52 ;	 function assert_failed
                                     53 ;	-----------------------------------------
      000000                         54 _assert_failed:
                           000000    55 	Sstm8s_conf$assert_failed$1 ==.
                           000000    56 	Sstm8s_conf$assert_failed$2 ==.
                                     57 ;	drivers/src/stm8s_conf.c: 21: while (1)
      000000                         58 00102$:
      000000 20 FE            [ 2]   59 	jra	00102$
                           000002    60 	Sstm8s_conf$assert_failed$3 ==.
                                     61 ;	drivers/src/stm8s_conf.c: 24: }
                           000002    62 	Sstm8s_conf$assert_failed$4 ==.
                           000002    63 	XG$assert_failed$0$0 ==.
      000002 81               [ 4]   64 	ret
                           000003    65 	Sstm8s_conf$assert_failed$5 ==.
                                     66 	.area CODE
                                     67 	.area CONST
                                     68 	.area INITIALIZER
                                     69 	.area CABS (ABS)
                                     70 
                                     71 	.area .debug_line (NOLOAD)
      000000 00 00 00 9B             72 	.dw	0,Ldebug_line_end-Ldebug_line_start
      000004                         73 Ldebug_line_start:
      000004 00 02                   74 	.dw	2
      000006 00 00 00 79             75 	.dw	0,Ldebug_line_stmt-6-Ldebug_line_start
      00000A 01                      76 	.db	1
      00000B 01                      77 	.db	1
      00000C FB                      78 	.db	-5
      00000D 0F                      79 	.db	15
      00000E 0A                      80 	.db	10
      00000F 00                      81 	.db	0
      000010 01                      82 	.db	1
      000011 01                      83 	.db	1
      000012 01                      84 	.db	1
      000013 01                      85 	.db	1
      000014 00                      86 	.db	0
      000015 00                      87 	.db	0
      000016 00                      88 	.db	0
      000017 01                      89 	.db	1
      000018 43 3A 5C 50 72 6F 67    90 	.ascii "C:\Program Files\SDCC\bin\..\include\stm8"
             72 61 6D 20 46 69 6C
             65 73 5C 53 44 43 43
             08 69 6E 5C 2E 2E 5C
             69 6E 63 6C 75 64 65
             5C 73 74 6D 38
      000040 00                      91 	.db	0
      000041 43 3A 5C 50 72 6F 67    92 	.ascii "C:\Program Files\SDCC\bin\..\include"
             72 61 6D 20 46 69 6C
             65 73 5C 53 44 43 43
             08 69 6E 5C 2E 2E 5C
             69 6E 63 6C 75 64 65
      000064 00                      93 	.db	0
      000065 00                      94 	.db	0
      000066 64 72 69 76 65 72 73    95 	.ascii "drivers/src/stm8s_conf.c"
             2F 73 72 63 2F 73 74
             6D 38 73 5F 63 6F 6E
             66 2E 63
      00007E 00                      96 	.db	0
      00007F 00                      97 	.uleb128	0
      000080 00                      98 	.uleb128	0
      000081 00                      99 	.uleb128	0
      000082 00                     100 	.db	0
      000083                        101 Ldebug_line_stmt:
      000083 00                     102 	.db	0
      000084 05                     103 	.uleb128	5
      000085 02                     104 	.db	2
      000086 00 00r00r00            105 	.dw	0,(Sstm8s_conf$assert_failed$0)
      00008A 03                     106 	.db	3
      00008B 0B                     107 	.sleb128	11
      00008C 01                     108 	.db	1
      00008D 09                     109 	.db	9
      00008E 00 00                  110 	.dw	Sstm8s_conf$assert_failed$2-Sstm8s_conf$assert_failed$0
      000090 03                     111 	.db	3
      000091 09                     112 	.sleb128	9
      000092 01                     113 	.db	1
      000093 09                     114 	.db	9
      000094 00 02                  115 	.dw	Sstm8s_conf$assert_failed$3-Sstm8s_conf$assert_failed$2
      000096 03                     116 	.db	3
      000097 03                     117 	.sleb128	3
      000098 01                     118 	.db	1
      000099 09                     119 	.db	9
      00009A 00 01                  120 	.dw	1+Sstm8s_conf$assert_failed$4-Sstm8s_conf$assert_failed$3
      00009C 00                     121 	.db	0
      00009D 01                     122 	.uleb128	1
      00009E 01                     123 	.db	1
      00009F                        124 Ldebug_line_end:
                                    125 
                                    126 	.area .debug_loc (NOLOAD)
      000000                        127 Ldebug_loc_start:
      000000 00 00r00r00            128 	.dw	0,(Sstm8s_conf$assert_failed$1)
      000004 00 00r00r03            129 	.dw	0,(Sstm8s_conf$assert_failed$5)
      000008 00 02                  130 	.dw	2
      00000A 78                     131 	.db	120
      00000B 01                     132 	.sleb128	1
      00000C 00 00 00 00            133 	.dw	0,0
      000010 00 00 00 00            134 	.dw	0,0
                                    135 
                                    136 	.area .debug_abbrev (NOLOAD)
      000000                        137 Ldebug_abbrev:
      000000 03                     138 	.uleb128	3
      000001 0F                     139 	.uleb128	15
      000002 00                     140 	.db	0
      000003 0B                     141 	.uleb128	11
      000004 0B                     142 	.uleb128	11
      000005 49                     143 	.uleb128	73
      000006 13                     144 	.uleb128	19
      000007 00                     145 	.uleb128	0
      000008 00                     146 	.uleb128	0
      000009 04                     147 	.uleb128	4
      00000A 05                     148 	.uleb128	5
      00000B 00                     149 	.db	0
      00000C 02                     150 	.uleb128	2
      00000D 0A                     151 	.uleb128	10
      00000E 03                     152 	.uleb128	3
      00000F 08                     153 	.uleb128	8
      000010 49                     154 	.uleb128	73
      000011 13                     155 	.uleb128	19
      000012 00                     156 	.uleb128	0
      000013 00                     157 	.uleb128	0
      000014 02                     158 	.uleb128	2
      000015 2E                     159 	.uleb128	46
      000016 01                     160 	.db	1
      000017 01                     161 	.uleb128	1
      000018 13                     162 	.uleb128	19
      000019 03                     163 	.uleb128	3
      00001A 08                     164 	.uleb128	8
      00001B 11                     165 	.uleb128	17
      00001C 01                     166 	.uleb128	1
      00001D 12                     167 	.uleb128	18
      00001E 01                     168 	.uleb128	1
      00001F 3F                     169 	.uleb128	63
      000020 0C                     170 	.uleb128	12
      000021 40                     171 	.uleb128	64
      000022 06                     172 	.uleb128	6
      000023 00                     173 	.uleb128	0
      000024 00                     174 	.uleb128	0
      000025 01                     175 	.uleb128	1
      000026 11                     176 	.uleb128	17
      000027 01                     177 	.db	1
      000028 03                     178 	.uleb128	3
      000029 08                     179 	.uleb128	8
      00002A 10                     180 	.uleb128	16
      00002B 06                     181 	.uleb128	6
      00002C 13                     182 	.uleb128	19
      00002D 0B                     183 	.uleb128	11
      00002E 25                     184 	.uleb128	37
      00002F 08                     185 	.uleb128	8
      000030 00                     186 	.uleb128	0
      000031 00                     187 	.uleb128	0
      000032 05                     188 	.uleb128	5
      000033 24                     189 	.uleb128	36
      000034 00                     190 	.db	0
      000035 03                     191 	.uleb128	3
      000036 08                     192 	.uleb128	8
      000037 0B                     193 	.uleb128	11
      000038 0B                     194 	.uleb128	11
      000039 3E                     195 	.uleb128	62
      00003A 0B                     196 	.uleb128	11
      00003B 00                     197 	.uleb128	0
      00003C 00                     198 	.uleb128	0
      00003D 00                     199 	.uleb128	0
                                    200 
                                    201 	.area .debug_info (NOLOAD)
      000000 00 00 00 A6            202 	.dw	0,Ldebug_info_end-Ldebug_info_start
      000004                        203 Ldebug_info_start:
      000004 00 02                  204 	.dw	2
      000006 00 00r00r00            205 	.dw	0,(Ldebug_abbrev)
      00000A 04                     206 	.db	4
      00000B 01                     207 	.uleb128	1
      00000C 64 72 69 76 65 72 73   208 	.ascii "drivers/src/stm8s_conf.c"
             2F 73 72 63 2F 73 74
             6D 38 73 5F 63 6F 6E
             66 2E 63
      000024 00                     209 	.db	0
      000025 00 00r00r00            210 	.dw	0,(Ldebug_line_start+-4)
      000029 01                     211 	.db	1
      00002A 53 44 43 43 20 76 65   212 	.ascii "SDCC version 4.1.0 #12072"
             72 73 69 6F 6E 20 34
             2E 31 2E 30 20 23 31
             32 30 37 32
      000043 00                     213 	.db	0
      000044 02                     214 	.uleb128	2
      000045 00 00 00 85            215 	.dw	0,133
      000049 61 73 73 65 72 74 5F   216 	.ascii "assert_failed"
             66 61 69 6C 65 64
      000056 00                     217 	.db	0
      000057 00 00r00r00            218 	.dw	0,(_assert_failed)
      00005B 00 00r00r03            219 	.dw	0,(XG$assert_failed$0$0+1)
      00005F 01                     220 	.db	1
      000060 00 00r00r00            221 	.dw	0,(Ldebug_loc_start)
      000064 03                     222 	.uleb128	3
      000065 02                     223 	.db	2
      000066 00 00 00 85            224 	.dw	0,133
      00006A 04                     225 	.uleb128	4
      00006B 02                     226 	.db	2
      00006C 91                     227 	.db	145
      00006D 02                     228 	.sleb128	2
      00006E 66 69 6C 65            229 	.ascii "file"
      000072 00                     230 	.db	0
      000073 00 00 00 64            231 	.dw	0,100
      000077 04                     232 	.uleb128	4
      000078 02                     233 	.db	2
      000079 91                     234 	.db	145
      00007A 04                     235 	.sleb128	4
      00007B 6C 69 6E 65            236 	.ascii "line"
      00007F 00                     237 	.db	0
      000080 00 00 00 96            238 	.dw	0,150
      000084 00                     239 	.uleb128	0
      000085 05                     240 	.uleb128	5
      000086 75 6E 73 69 67 6E 65   241 	.ascii "unsigned char"
             64 20 63 68 61 72
      000093 00                     242 	.db	0
      000094 01                     243 	.db	1
      000095 08                     244 	.db	8
      000096 05                     245 	.uleb128	5
      000097 75 6E 73 69 67 6E 65   246 	.ascii "unsigned long"
             64 20 6C 6F 6E 67
      0000A4 00                     247 	.db	0
      0000A5 04                     248 	.db	4
      0000A6 07                     249 	.db	7
      0000A7 00                     250 	.uleb128	0
      0000A8 00                     251 	.uleb128	0
      0000A9 00                     252 	.uleb128	0
      0000AA                        253 Ldebug_info_end:
                                    254 
                                    255 	.area .debug_pubnames (NOLOAD)
      000000 00 00 00 20            256 	.dw	0,Ldebug_pubnames_end-Ldebug_pubnames_start
      000004                        257 Ldebug_pubnames_start:
      000004 00 02                  258 	.dw	2
      000006 00 00r00r00            259 	.dw	0,(Ldebug_info_start-4)
      00000A 00 00 00 AA            260 	.dw	0,4+Ldebug_info_end-Ldebug_info_start
      00000E 00 00 00 44            261 	.dw	0,68
      000012 61 73 73 65 72 74 5F   262 	.ascii "assert_failed"
             66 61 69 6C 65 64
      00001F 00                     263 	.db	0
      000020 00 00 00 00            264 	.dw	0,0
      000024                        265 Ldebug_pubnames_end:
                                    266 
                                    267 	.area .debug_frame (NOLOAD)
      000000 00 00                  268 	.dw	0
      000002 00 0E                  269 	.dw	Ldebug_CIE0_end-Ldebug_CIE0_start
      000004                        270 Ldebug_CIE0_start:
      000004 FF FF                  271 	.dw	0xffff
      000006 FF FF                  272 	.dw	0xffff
      000008 01                     273 	.db	1
      000009 00                     274 	.db	0
      00000A 01                     275 	.uleb128	1
      00000B 7F                     276 	.sleb128	-1
      00000C 09                     277 	.db	9
      00000D 0C                     278 	.db	12
      00000E 08                     279 	.uleb128	8
      00000F 02                     280 	.uleb128	2
      000010 89                     281 	.db	137
      000011 01                     282 	.uleb128	1
      000012                        283 Ldebug_CIE0_end:
      000012 00 00 00 13            284 	.dw	0,19
      000016 00 00r00r00            285 	.dw	0,(Ldebug_CIE0_start-4)
      00001A 00 00r00r00            286 	.dw	0,(Sstm8s_conf$assert_failed$1)	;initial loc
      00001E 00 00 00 03            287 	.dw	0,Sstm8s_conf$assert_failed$5-Sstm8s_conf$assert_failed$1
      000022 01                     288 	.db	1
      000023 00 00r00r00            289 	.dw	0,(Sstm8s_conf$assert_failed$1)
      000027 0E                     290 	.db	14
      000028 02                     291 	.uleb128	2
